<?xml version="1.0" encoding="UTF-8" ?>
<testsuite tests="12" failures="2" name="stepdefs.RunCukesTest" time="0.019" errors="0" skipped="0">
  <properties>
    <property name="idea.version" value="2018.2.2"/>
    <property name="java.runtime.name" value="Java(TM) SE Runtime Environment"/>
    <property name="sun.boot.library.path" value="C:\Program Files\Java\jdk1.8.0_181\jre\bin"/>
    <property name="java.vm.version" value="25.181-b13"/>
    <property name="java.vm.vendor" value="Oracle Corporation"/>
    <property name="maven.multiModuleProjectDirectory" value="C:\Users\AnushaBoppudi\Documents\AutomationPracticeSite_JavaTests\Java-Projects"/>
    <property name="java.vendor.url" value="http://java.oracle.com/"/>
    <property name="path.separator" value=";"/>
    <property name="guice.disable.misplaced.annotation.check" value="true"/>
    <property name="java.vm.name" value="Java HotSpot(TM) 64-Bit Server VM"/>
    <property name="file.encoding.pkg" value="sun.io"/>
    <property name="user.script" value=""/>
    <property name="user.country" value="GB"/>
    <property name="sun.java.launcher" value="SUN_STANDARD"/>
    <property name="sun.os.patch.level" value=""/>
    <property name="java.vm.specification.name" value="Java Virtual Machine Specification"/>
    <property name="user.dir" value="C:\Users\AnushaBoppudi\Documents\AutomationPracticeSite_JavaTests\Java-Projects"/>
    <property name="java.runtime.version" value="1.8.0_181-b13"/>
    <property name="java.awt.graphicsenv" value="sun.awt.Win32GraphicsEnvironment"/>
    <property name="java.endorsed.dirs" value="C:\Program Files\Java\jdk1.8.0_181\jre\lib\endorsed"/>
    <property name="os.arch" value="amd64"/>
    <property name="java.io.tmpdir" value="C:\Users\ANUSHA~1\AppData\Local\Temp\"/>
    <property name="line.separator" value="
"/>
    <property name="java.vm.specification.vendor" value="Oracle Corporation"/>
    <property name="user.variant" value=""/>
    <property name="os.name" value="Windows 10"/>
    <property name="classworlds.conf" value="C:\Program Files\JetBrains\IntelliJ IDEA Community Edition 2018.2.2\plugins\maven\lib\maven3\bin\m2.conf"/>
    <property name="sun.jnu.encoding" value="Cp1252"/>
    <property name="java.library.path" value="C:\Program Files\Java\jdk1.8.0_181\bin;C:\WINDOWS\Sun\Java\bin;C:\WINDOWS\system32;C:\WINDOWS;C:\Program Files (x86)\Common Files\Oracle\Java\javapath;C:\Program Files (x86)\Intel\Intel(R) Management Engine Components\iCLS\;C:\Program Files\Intel\Intel(R) Management Engine Components\iCLS\;C:\WINDOWS\system32;C:\WINDOWS;C:\WINDOWS\System32\Wbem;C:\WINDOWS\System32\WindowsPowerShell\v1.0\;C:\Program Files (x86)\Intel\Intel(R) Management Engine Components\DAL;C:\Program Files\Intel\Intel(R) Management Engine Components\DAL;C:\Program Files (x86)\Intel\Intel(R) Management Engine Components\IPT;C:\Program Files\Intel\Intel(R) Management Engine Components\IPT;C:\Program Files\Intel\WiFi\bin\;C:\Program Files\Common Files\Intel\WirelessCommon\;C:\WINDOWS\System32\OpenSSH\;C:\Program Files (x86)\Microsoft SQL Server\Client SDK\ODBC\130\Tools\Binn\;C:\Program Files (x86)\Microsoft SQL Server\140\Tools\Binn\;C:\Program Files (x86)\Microsoft SQL Server\140\DTS\Binn\;C:\Program Files (x86)\Microsoft SQL Server\140\Tools\Binn\ManagementStudio\;C:\Program Files\dotnet\;C:\Program Files\Microsoft SQL Server\130\Tools\Binn\;C:\Program Files\nodejs\;C:\Users\AnushaBoppudi\AppData\Local\Microsoft\WindowsApps;C:\Users\AnushaBoppudi\AppData\Roaming\npm;."/>
    <property name="java.specification.name" value="Java Platform API Specification"/>
    <property name="java.class.version" value="52.0"/>
    <property name="sun.management.compiler" value="HotSpot 64-Bit Tiered Compilers"/>
    <property name="os.version" value="10.0"/>
    <property name="user.home" value="C:\Users\AnushaBoppudi"/>
    <property name="user.timezone" value="Europe/London"/>
    <property name="java.awt.printerjob" value="sun.awt.windows.WPrinterJob"/>
    <property name="java.specification.version" value="1.8"/>
    <property name="file.encoding" value="UTF-8"/>
    <property name="user.name" value="AnushaBoppudi"/>
    <property name="java.class.path" value="C:\Program Files\JetBrains\IntelliJ IDEA Community Edition 2018.2.2\plugins\maven\lib\maven3\boot\plexus-classworlds-2.5.2.jar;C:\Program Files\JetBrains\IntelliJ IDEA Community Edition 2018.2.2\lib\idea_rt.jar"/>
    <property name="java.vm.specification.version" value="1.8"/>
    <property name="sun.arch.data.model" value="64"/>
    <property name="java.home" value="C:\Program Files\Java\jdk1.8.0_181\jre"/>
    <property name="sun.java.command" value="org.codehaus.classworlds.Launcher -Didea.version=2018.2.2 test"/>
    <property name="java.specification.vendor" value="Oracle Corporation"/>
    <property name="user.language" value="en"/>
    <property name="awt.toolkit" value="sun.awt.windows.WToolkit"/>
    <property name="java.vm.info" value="mixed mode"/>
    <property name="java.version" value="1.8.0_181"/>
    <property name="java.ext.dirs" value="C:\Program Files\Java\jdk1.8.0_181\jre\lib\ext;C:\WINDOWS\Sun\Java\lib\ext"/>
    <property name="sun.boot.class.path" value="C:\Program Files\Java\jdk1.8.0_181\jre\lib\resources.jar;C:\Program Files\Java\jdk1.8.0_181\jre\lib\rt.jar;C:\Program Files\Java\jdk1.8.0_181\jre\lib\sunrsasign.jar;C:\Program Files\Java\jdk1.8.0_181\jre\lib\jsse.jar;C:\Program Files\Java\jdk1.8.0_181\jre\lib\jce.jar;C:\Program Files\Java\jdk1.8.0_181\jre\lib\charsets.jar;C:\Program Files\Java\jdk1.8.0_181\jre\lib\jfr.jar;C:\Program Files\Java\jdk1.8.0_181\jre\classes"/>
    <property name="java.vendor" value="Oracle Corporation"/>
    <property name="maven.home" value="C:\Program Files\JetBrains\IntelliJ IDEA Community Edition 2018.2.2\plugins\maven\lib\maven3"/>
    <property name="file.separator" value="\"/>
    <property name="java.vendor.url.bug" value="http://bugreport.sun.com/bugreport/"/>
    <property name="sun.cpu.endian" value="little"/>
    <property name="sun.io.unicode.encoding" value="UnicodeLittle"/>
    <property name="sun.desktop" value="windows"/>
    <property name="sun.cpu.isalist" value="amd64"/>
  </properties>
  <testcase classname="Scenario: Login and Add dress to cart" name="Given I login" time="0.007"/>
  <testcase classname="Scenario: Login and Add dress to cart" name="When I Add expensive dress to cart" time="0"/>
  <testcase classname="Scenario: Login and Add dress to cart" name="And LogOut and Login again" time="0.001"/>
  <testcase classname="Scenario: Login and Add dress to cart" name="Then I should see previously added item in cart" time="0.004">
    <failure message="expected:&lt;[1]&gt; but was:&lt;[]&gt;" type="org.junit.ComparisonFailure">org.junit.ComparisonFailure: expected:&lt;[1]&gt; but was:&lt;[]&gt;
	at org.junit.Assert.assertEquals(Assert.java:115)
	at org.junit.Assert.assertEquals(Assert.java:144)
	at stepdefs.LoginAndAddDressToCartSteps.ishouldseepreviouslyaddeitemincart(LoginAndAddDressToCartSteps.java:54)
	at ✽.Then I should see previously added item in cart(LoginAndAddDressToCart.feature:7)
</failure>
  </testcase>
  <testcase classname="Scenario: Login and Add dress to cart" name="Scenario: Login and Add dress to cart" time="0.005">
    <failure message="expected:&lt;[1]&gt; but was:&lt;[]&gt;" type="org.junit.ComparisonFailure">org.junit.ComparisonFailure: expected:&lt;[1]&gt; but was:&lt;[]&gt;
	at org.junit.Assert.assertEquals(Assert.java:115)
	at org.junit.Assert.assertEquals(Assert.java:144)
	at stepdefs.LoginAndAddDressToCartSteps.ishouldseepreviouslyaddeitemincart(LoginAndAddDressToCartSteps.java:54)
	at ✽.Then I should see previously added item in cart(LoginAndAddDressToCart.feature:7)
</failure>
  </testcase>
  <testcase classname="| abc30082018@test.com | NameA | NameB | Anusha21 | 21 | 10 | 1990 | AddressA | CityA | Hawaii | 00000 | 07791111011 |" name="Given I want to create a new account with automationpractice" time="0"/>
  <testcase classname="| abc30082018@test.com | NameA | NameB | Anusha21 | 21 | 10 | 1990 | AddressA | CityA | Hawaii | 00000 | 07791111011 |" name="When I click on signin" time="0"/>
  <testcase classname="| abc30082018@test.com | NameA | NameB | Anusha21 | 21 | 10 | 1990 | AddressA | CityA | Hawaii | 00000 | 07791111011 |" name="And I click on Create an account with &apos;abc30082018@test.com&apos;" time="0"/>
  <testcase classname="| abc30082018@test.com | NameA | NameB | Anusha21 | 21 | 10 | 1990 | AddressA | CityA | Hawaii | 00000 | 07791111011 |" name="And I fill the registration details &apos;NameA&apos;, &apos;NameB&apos;, &apos;Anusha21&apos;, &apos;21&apos;, &apos;10&apos;, &apos;1990&apos;, &apos;AddressA&apos;, &apos;CityA&apos;, &apos;Hawaii&apos;, &apos;00000&apos;, &apos;07791111011&apos;" time="0"/>
  <testcase classname="| abc30082018@test.com | NameA | NameB | Anusha21 | 21 | 10 | 1990 | AddressA | CityA | Hawaii | 00000 | 07791111011 |" name="Then I must register with automationpracticeSite" time="0"/>
  <testcase classname="| abc30082018@test.com | NameA | NameB | Anusha21 | 21 | 10 | 1990 | AddressA | CityA | Hawaii | 00000 | 07791111011 |" name="And I should be able to SignOut" time="0"/>
  <testcase classname="| abc30082018@test.com | NameA | NameB | Anusha21 | 21 | 10 | 1990 | AddressA | CityA | Hawaii | 00000 | 07791111011 |" name="| abc30082018@test.com | NameA | NameB | Anusha21 | 21 | 10 | 1990 | AddressA | CityA | Hawaii | 00000 | 07791111011 |" time="0.002"/>
</testsuite>